<?xml version="1.0" encoding="UTF-8"?>
<testsuite xmlns:xsi="http://www.w3.org/2001/XMLSchema-instance" xsi:noNamespaceSchemaLocation="https://maven.apache.org/surefire/maven-surefire-plugin/xsd/surefire-test-report-3.0.xsd" version="3.0" name="GildedRoseTest" time="0.088" tests="11" errors="0" skipped="0" failures="0">
  <properties>
[...]
</properties>
  <testcase name="agedBrie_qualityNeverOver50" classname="GildedRoseTest" time="0.038"/>
  <testcase name="elixirOfTheMongoose" classname="GildedRoseTest" time="0.001"/>
  <testcase name="elixirOfTheMongoose_qualityNeverBecomesNegative" classname="GildedRoseTest" time="0.001"/>
  <testcase name="sulfuras" classname="GildedRoseTest" time="0.001"/>
  <testcase name="elixirOfTheMongoose_overSellin_qualityDicreasesTwiceAsFast" classname="GildedRoseTest" time="0.001"/>
  <testcase name="conjuredManaCake" classname="GildedRoseTest" time="0.002"/>
  <testcase name="backstagePasses_sellin10DaysOrLess_qualityIncreasingBy2" classname="GildedRoseTest" time="0.002"/>
  <testcase name="backstagepasses_sellin5DaysOrLess_qualityIncreasingBy3" classname="GildedRoseTest" time="0.001"/>
  <testcase name="agedBrie" classname="GildedRoseTest" time="0.0"/>
  <testcase name="conjuredCinnamonRoll" classname="GildedRoseTest" time="0.001"/>
  <testcase name="backstagepasses_sellinOver_qualityBecomes0" classname="GildedRoseTest" time="0.001"/>
</testsuite>